{
  "stats": {
    "suites": 1,
    "tests": 3,
    "passes": 3,
    "pending": 0,
    "failures": 0,
    "start": "2024-07-05T20:36:26.294Z",
    "end": "2024-07-05T20:36:40.436Z",
    "duration": 14142,
    "testsRegistered": 3,
    "passPercent": 100,
    "pendingPercent": 0,
    "other": 0,
    "hasOther": false,
    "skipped": 0,
    "hasSkipped": false
  },
  "results": [
    {
      "uuid": "cef2701d-7771-49ef-98f0-4398571e1f34",
      "title": "",
      "fullFile": "cypress\\e2e\\interceptTest.cy.js",
      "file": "cypress\\e2e\\interceptTest.cy.js",
      "beforeHooks": [],
      "afterHooks": [],
      "tests": [],
      "suites": [
        {
          "uuid": "d2d8b73b-cb36-4872-8f6b-8a914e3d04c6",
          "title": "Teste de compra",
          "fullFile": "",
          "file": "",
          "beforeHooks": [],
          "afterHooks": [],
          "tests": [
            {
              "title": "produto deve aparecer no carrinho",
              "fullTitle": "Teste de compra produto deve aparecer no carrinho",
              "timedOut": null,
              "duration": 3775,
              "state": "passed",
              "speed": "fast",
              "pass": true,
              "fail": false,
              "pending": false,
              "context": null,
              "code": "cy.intercept('GET', '**/public/getCart?userId=6660a6dbcbcbc2a9bb2c9fac', {\n  fixture: 'cart.json'\n}).as('getCart');\ncartPage.openPageProduct();\ncartPage.addToCart();\ncartPage.cart().should('have.length', 1);\ncartPage.openCheckoutPage();",
              "err": {},
              "uuid": "efea61cd-ea19-44a6-8fcb-3408a1eb312a",
              "parentUUID": "d2d8b73b-cb36-4872-8f6b-8a914e3d04c6",
              "isHook": false,
              "skipped": false
            },
            {
              "title": "carrinho deve estar vazio",
              "fullTitle": "Teste de compra carrinho deve estar vazio",
              "timedOut": null,
              "duration": 1122,
              "state": "passed",
              "speed": "fast",
              "pass": true,
              "fail": false,
              "pending": false,
              "context": null,
              "code": "cy.intercept('GET', '**/public/getCart?userId=6660a6dbcbcbc2a9bb2c9fac', {\n  fixture: 'emptyCart.json'\n}).as('getCart');\ncartPage.openPageProduct();\ncartPage.addToCart();\ncartPage.cart().should('have.length', 0);\ncartPage.removeProduct();\ncartPage.continueShopping();\ncartPage.openPageProduct2();\ncartPage.addToCart();\ncartPage.openCheckoutPage();",
              "err": {},
              "uuid": "0a06891e-1e9c-4370-bafb-1dff3492d6fc",
              "parentUUID": "d2d8b73b-cb36-4872-8f6b-8a914e3d04c6",
              "isHook": false,
              "skipped": false
            },
            {
              "title": "lista de produtos deve aparecer na página inicial",
              "fullTitle": "Teste de compra lista de produtos deve aparecer na página inicial",
              "timedOut": null,
              "duration": 914,
              "state": "passed",
              "speed": "fast",
              "pass": true,
              "fail": false,
              "pending": false,
              "context": null,
              "code": "cy.intercept('GET', '**/public/getProducts?limit=10&skip=0', {\n  fixture: 'products.json'\n}).as('getProducts');\ncartPage.productList().should('have.length', 4);\ncartPage.openPageProduct();\ncartPage.addToCart();\ncartPage.removeProduct();\ncartPage.continueShopping();\ncartPage.openPageProduct2();\ncartPage.addToCart();\ncartPage.openCheckoutPage();",
              "err": {},
              "uuid": "2fdf5abf-5d68-4d70-be51-19570a488a6f",
              "parentUUID": "d2d8b73b-cb36-4872-8f6b-8a914e3d04c6",
              "isHook": false,
              "skipped": false
            }
          ],
          "suites": [],
          "passes": [
            "efea61cd-ea19-44a6-8fcb-3408a1eb312a",
            "0a06891e-1e9c-4370-bafb-1dff3492d6fc",
            "2fdf5abf-5d68-4d70-be51-19570a488a6f"
          ],
          "failures": [],
          "pending": [],
          "skipped": [],
          "duration": 5811,
          "root": false,
          "rootEmpty": false,
          "_timeout": 2000
        }
      ],
      "passes": [],
      "failures": [],
      "pending": [],
      "skipped": [],
      "duration": 0,
      "root": true,
      "rootEmpty": true,
      "_timeout": 2000
    }
  ],
  "meta": {
    "mocha": {
      "version": "7.0.1"
    },
    "mochawesome": {
      "options": {
        "quiet": false,
        "reportFilename": "[name]-result",
        "saveHtml": false,
        "saveJson": true,
        "consoleReporter": "spec",
        "useInlineDiffs": false,
        "code": true
      },
      "version": "7.1.3"
    },
    "marge": {
      "options": {
        "reportFilename": "[name]-result",
        "html": false
      },
      "version": "6.2.0"
    }
  }
}